{            ->   (-1, -1)       
declare      ->   (-1, -1)       
id           ->   (10, 0)        
:            ->   (-1, -1)       
int          ->   (-1, -1)       
;            ->   (-1, -1)       
declare      ->   (-1, -1)       
id           ->   (24, 0)        
:            ->   (-1, -1)       
int          ->   (-1, -1)       
;            ->   (-1, -1)       
declare      ->   (-1, -1)       
id           ->   (5, 0)         
:            ->   (-1, -1)       
int          ->   (-1, -1)       
;            ->   (-1, -1)       
declare      ->   (-1, -1)       
id           ->   (41, 0)        
:            ->   (-1, -1)       
int          ->   (-1, -1)       
;            ->   (-1, -1)       
id           ->   (41, 0)        
<-           ->   (-1, -1)       
constant     ->   (48, 0)        
;            ->   (-1, -1)       
read         ->   (-1, -1)       
(            ->   (-1, -1)       
id           ->   (10, 0)        
)            ->   (-1, -1)       
;            ->   (-1, -1)       
for          ->   (-1, -1)       
id           ->   (5, 0)         
from         ->   (-1, -1)       
(            ->   (-1, -1)       
constant     ->   (49, 0)        
,            ->   (-1, -1)       
id           ->   (10, 0)        
,            ->   (-1, -1)       
constant     ->   (49, 0)        
)            ->   (-1, -1)       
{            ->   (-1, -1)       
read         ->   (-1, -1)       
(            ->   (-1, -1)       
id           ->   (24, 0)        
)            ->   (-1, -1)       
;            ->   (-1, -1)       
id           ->   (41, 0)        
<-           ->   (-1, -1)       
id           ->   (41, 0)        
+            ->   (-1, -1)       
id           ->   (24, 0)        
;            ->   (-1, -1)       
}            ->   (-1, -1)       
write        ->   (-1, -1)       
(            ->   (-1, -1)       
id           ->   (41, 0)        
)            ->   (-1, -1)       
;            ->   (-1, -1)       
}            ->   (-1, -1)       
