{            ->   (-1, -1)       
declare      ->   (-1, -1)       
id           ->   (97, 0)        
:            ->   (-1, -1)       
int          ->   (-1, -1)       
;            ->   (-1, -1)       
declare      ->   (-1, -1)       
id           ->   (98, 0)        
:            ->   (-1, -1)       
int          ->   (-1, -1)       
;            ->   (-1, -1)       
declare      ->   (-1, -1)       
id           ->   (99, 0)        
:            ->   (-1, -1)       
int          ->   (-1, -1)       
;            ->   (-1, -1)       
declare      ->   (-1, -1)       
id           ->   (26, 0)        
:            ->   (-1, -1)       
int          ->   (-1, -1)       
;            ->   (-1, -1)       
declare      ->   (-1, -1)       
id           ->   (24, 0)        
:            ->   (-1, -1)       
int          ->   (-1, -1)       
;            ->   (-1, -1)       
id           ->   (97, 0)        
<-           ->   (-1, -1)       
constant     ->   (88, 0)        
;            ->   (-1, -1)       
id           ->   (98, 0)        
<-           ->   (-1, -1)       
constant     ->   (0, 0)         
;            ->   (-1, -1)       
read         ->   (-1, -1)       
(            ->   (-1, -1)       
id           ->   (97, 0)        
)            ->   (-1, -1)       
;            ->   (-1, -1)       
read         ->   (-1, -1)       
(            ->   (-1, -1)       
id           ->   (98, 0)        
)            ->   (-1, -1)       
;            ->   (-1, -1)       
read         ->   (-1, -1)       
(            ->   (-1, -1)       
id           ->   (99, 0)        
)            ->   (-1, -1)       
;            ->   (-1, -1)       
if           ->   (-1, -1)       
id           ->   (97, 0)        
>            ->   (-1, -1)       
id           ->   (98, 0)        
{            ->   (-1, -1)       
if           ->   (-1, -1)       
id           ->   (98, 0)        
>            ->   (-1, -1)       
id           ->   (99, 0)        
{            ->   (-1, -1)       
id           ->   (26, 0)        
<-           ->   (-1, -1)       
id           ->   (97, 0)        
;            ->   (-1, -1)       
id           ->   (24, 0)        
<-           ->   (-1, -1)       
id           ->   (99, 0)        
;            ->   (-1, -1)       
}            ->   (-1, -1)       
else         ->   (-1, -1)       
{            ->   (-1, -1)       
id           ->   (24, 0)        
<-           ->   (-1, -1)       
id           ->   (98, 0)        
;            ->   (-1, -1)       
if           ->   (-1, -1)       
id           ->   (97, 0)        
>            ->   (-1, -1)       
id           ->   (99, 0)        
id           ->   (26, 0)        
<-           ->   (-1, -1)       
id           ->   (97, 0)        
;            ->   (-1, -1)       
else         ->   (-1, -1)       
id           ->   (26, 0)        
<-           ->   (-1, -1)       
id           ->   (99, 0)        
;            ->   (-1, -1)       
}            ->   (-1, -1)       
}            ->   (-1, -1)       
else         ->   (-1, -1)       
{            ->   (-1, -1)       
if           ->   (-1, -1)       
id           ->   (98, 0)        
<            ->   (-1, -1)       
id           ->   (99, 0)        
{            ->   (-1, -1)       
id           ->   (24, 0)        
<-           ->   (-1, -1)       
id           ->   (97, 0)        
;            ->   (-1, -1)       
id           ->   (26, 0)        
<-           ->   (-1, -1)       
id           ->   (99, 0)        
;            ->   (-1, -1)       
}            ->   (-1, -1)       
else         ->   (-1, -1)       
{            ->   (-1, -1)       
id           ->   (26, 0)        
<-           ->   (-1, -1)       
id           ->   (98, 0)        
;            ->   (-1, -1)       
if           ->   (-1, -1)       
id           ->   (97, 0)        
>            ->   (-1, -1)       
id           ->   (99, 0)        
id           ->   (24, 0)        
<-           ->   (-1, -1)       
id           ->   (99, 0)        
;            ->   (-1, -1)       
else         ->   (-1, -1)       
id           ->   (24, 0)        
<-           ->   (-1, -1)       
id           ->   (97, 0)        
;            ->   (-1, -1)       
}            ->   (-1, -1)       
}            ->   (-1, -1)       
write        ->   (-1, -1)       
(            ->   (-1, -1)       
id           ->   (24, 0)        
)            ->   (-1, -1)       
;            ->   (-1, -1)       
write        ->   (-1, -1)       
(            ->   (-1, -1)       
id           ->   (26, 0)        
)            ->   (-1, -1)       
;            ->   (-1, -1)       
}            ->   (-1, -1)       
